2025-01-07 03:05:38,038 - INFO - Script started.
2025-01-07 03:05:40,997 - INFO - Model architecture defined and compiled.
2025-01-07 03:05:40,997 - INFO - Model: "sequential"
2025-01-07 03:05:40,997 - INFO - _________________________________________________________________
2025-01-07 03:05:40,997 - INFO -  Layer (type)                Output Shape              Param #   
2025-01-07 03:05:40,997 - INFO - =================================================================
2025-01-07 03:05:40,997 - INFO -  conv2d (Conv2D)             (None, 96, 96, 64)        1792      
2025-01-07 03:05:40,999 - INFO -                                                                  
2025-01-07 03:05:40,999 - INFO -  max_pooling2d (MaxPooling2D  (None, 48, 48, 64)       0         
2025-01-07 03:05:40,999 - INFO -  )                                                               
2025-01-07 03:05:40,999 - INFO -                                                                  
2025-01-07 03:05:40,999 - INFO -  dropout (Dropout)           (None, 48, 48, 64)        0         
2025-01-07 03:05:40,999 - INFO -                                                                  
2025-01-07 03:05:40,999 - INFO -  conv2d_1 (Conv2D)           (None, 48, 48, 128)       73856     
2025-01-07 03:05:40,999 - INFO -                                                                  
2025-01-07 03:05:40,999 - INFO -  max_pooling2d_1 (MaxPooling  (None, 24, 24, 128)      0         
2025-01-07 03:05:40,999 - INFO -  2D)                                                             
2025-01-07 03:05:40,999 - INFO -                                                                  
2025-01-07 03:05:40,999 - INFO -  dropout_1 (Dropout)         (None, 24, 24, 128)       0         
2025-01-07 03:05:40,999 - INFO -                                                                  
2025-01-07 03:05:40,999 - INFO -  conv2d_2 (Conv2D)           (None, 24, 24, 256)       131328    
2025-01-07 03:05:40,999 - INFO -                                                                  
2025-01-07 03:05:40,999 - INFO -  max_pooling2d_2 (MaxPooling  (None, 12, 12, 256)      0         
2025-01-07 03:05:40,999 - INFO -  2D)                                                             
2025-01-07 03:05:40,999 - INFO -                                                                  
2025-01-07 03:05:40,999 - INFO -  dropout_2 (Dropout)         (None, 12, 12, 256)       0         
2025-01-07 03:05:40,999 - INFO -                                                                  
2025-01-07 03:05:40,999 - INFO -  conv2d_3 (Conv2D)           (None, 12, 12, 512)       524800    
2025-01-07 03:05:40,999 - INFO -                                                                  
2025-01-07 03:05:40,999 - INFO -  max_pooling2d_3 (MaxPooling  (None, 6, 6, 512)        0         
2025-01-07 03:05:40,999 - INFO -  2D)                                                             
2025-01-07 03:05:40,999 - INFO -                                                                  
2025-01-07 03:05:40,999 - INFO -  global_average_pooling2d (G  (None, 512)              0         
2025-01-07 03:05:40,999 - INFO -  lobalAveragePooling2D)                                          
2025-01-07 03:05:40,999 - INFO -                                                                  
2025-01-07 03:05:40,999 - INFO -  dropout_3 (Dropout)         (None, 512)               0         
2025-01-07 03:05:40,999 - INFO -                                                                  
2025-01-07 03:05:40,999 - INFO -  flatten (Flatten)           (None, 512)               0         
2025-01-07 03:05:40,999 - INFO -                                                                  
2025-01-07 03:05:41,000 - INFO -  dense (Dense)               (None, 512)               262656    
2025-01-07 03:05:41,000 - INFO -                                                                  
2025-01-07 03:05:41,000 - INFO -  dropout_4 (Dropout)         (None, 512)               0         
2025-01-07 03:05:41,000 - INFO -                                                                  
2025-01-07 03:05:41,000 - INFO -  dense_1 (Dense)             (None, 256)               131328    
2025-01-07 03:05:41,000 - INFO -                                                                  
2025-01-07 03:05:41,000 - INFO -  dropout_5 (Dropout)         (None, 256)               0         
2025-01-07 03:05:41,000 - INFO -                                                                  
2025-01-07 03:05:41,000 - INFO -  dense_2 (Dense)             (None, 128)               32896     
2025-01-07 03:05:41,000 - INFO -                                                                  
2025-01-07 03:05:41,000 - INFO -  dropout_6 (Dropout)         (None, 128)               0         
2025-01-07 03:05:41,000 - INFO -                                                                  
2025-01-07 03:05:41,000 - INFO -  dense_3 (Dense)             (None, 1)                 129       
2025-01-07 03:05:41,000 - INFO -                                                                  
2025-01-07 03:05:41,000 - INFO - =================================================================
2025-01-07 03:05:41,000 - INFO - Total params: 1,158,785
2025-01-07 03:05:41,000 - INFO - Trainable params: 1,158,785
2025-01-07 03:05:41,000 - INFO - Non-trainable params: 0
2025-01-07 03:05:41,000 - INFO - _________________________________________________________________
2025-01-07 03:05:41,000 - INFO - Training started.
2025-01-07 04:59:19,620 - INFO - Training completed.
2025-01-07 04:59:19,621 - INFO - Epoch 1: Loss=0.5660317540168762, Accuracy=0.7276288866996765, Val_Loss=0.5173981189727783, Val_Accuracy=0.7715708017349243
2025-01-07 04:59:19,621 - INFO - Epoch 2: Loss=0.4984760284423828, Accuracy=0.773399829864502, Val_Loss=0.467862606048584, Val_Accuracy=0.8006083965301514
2025-01-07 04:59:19,621 - INFO - Epoch 3: Loss=0.4536595344543457, Accuracy=0.7981172800064087, Val_Loss=0.4422796070575714, Val_Accuracy=0.8006083965301514
2025-01-07 04:59:19,621 - INFO - Epoch 4: Loss=0.4131411910057068, Accuracy=0.819480836391449, Val_Loss=0.4599500000476837, Val_Accuracy=0.7917588353157043
2025-01-07 04:59:19,621 - INFO - Epoch 5: Loss=0.3924044370651245, Accuracy=0.8301626443862915, Val_Loss=0.4545334577560425, Val_Accuracy=0.7884402871131897
2025-01-07 04:59:19,621 - INFO - Epoch 6: Loss=0.37563279271125793, Accuracy=0.837067723274231, Val_Loss=0.38011717796325684, Val_Accuracy=0.8332411646842957
2025-01-07 04:59:19,621 - INFO - Epoch 7: Loss=0.3558281362056732, Accuracy=0.8463966846466064, Val_Loss=0.3482828140258789, Val_Accuracy=0.8570243120193481
2025-01-07 04:59:19,621 - INFO - Epoch 8: Loss=0.33831551671028137, Accuracy=0.8560919761657715, Val_Loss=0.378023236989975, Val_Accuracy=0.8315818309783936
2025-01-07 04:59:19,621 - INFO - Epoch 9: Loss=0.3267212212085724, Accuracy=0.8601787090301514, Val_Loss=0.3235955834388733, Val_Accuracy=0.8592367172241211
2025-01-07 04:59:19,621 - INFO - Epoch 10: Loss=0.3124733567237854, Accuracy=0.8667173981666565, Val_Loss=0.30564290285110474, Val_Accuracy=0.8689159154891968
2025-01-07 04:59:19,621 - INFO - Epoch 11: Loss=0.30189481377601624, Accuracy=0.874975323677063, Val_Loss=0.3154219686985016, Val_Accuracy=0.8733407258987427
2025-01-07 04:59:19,621 - INFO - Epoch 12: Loss=0.29126736521720886, Accuracy=0.8773146271705627, Val_Loss=0.3151680529117584, Val_Accuracy=0.8738937973976135
2025-01-07 04:59:19,621 - INFO - Epoch 13: Loss=0.2845739722251892, Accuracy=0.8811758160591125, Val_Loss=0.26523640751838684, Val_Accuracy=0.8918694853782654
2025-01-07 04:59:19,621 - INFO - Epoch 14: Loss=0.27868714928627014, Accuracy=0.8821340799331665, Val_Loss=0.3309022784233093, Val_Accuracy=0.8503871560096741
2025-01-07 04:59:19,621 - INFO - Epoch 15: Loss=0.27039387822151184, Accuracy=0.8863335251808167, Val_Loss=0.2812163829803467, Val_Accuracy=0.8752765655517578
2025-01-07 04:59:19,621 - INFO - Epoch 16: Loss=0.2631402611732483, Accuracy=0.8907302618026733, Val_Loss=0.23977868258953094, Val_Accuracy=0.9034845232963562
2025-01-07 04:59:19,621 - INFO - Epoch 17: Loss=0.2603885531425476, Accuracy=0.8919703364372253, Val_Loss=0.3095252513885498, Val_Accuracy=0.8758296370506287
2025-01-07 04:59:19,621 - INFO - Epoch 18: Loss=0.25073543190956116, Accuracy=0.8957751989364624, Val_Loss=0.27377668023109436, Val_Accuracy=0.8808075189590454
2025-01-07 04:59:19,621 - INFO - Epoch 19: Loss=0.24489158391952515, Accuracy=0.8982554078102112, Val_Loss=0.2409142404794693, Val_Accuracy=0.8957411646842957
2025-01-07 04:59:19,621 - INFO - Epoch 20: Loss=0.23847445845603943, Accuracy=0.9017502069473267, Val_Loss=0.25293388962745667, Val_Accuracy=0.8888274431228638
2025-01-07 04:59:19,621 - INFO - Epoch 21: Loss=0.23182213306427002, Accuracy=0.9043713808059692, Val_Loss=0.24855752289295197, Val_Accuracy=0.8965708017349243
2025-01-07 04:59:19,621 - INFO - Epoch 22: Loss=0.23045063018798828, Accuracy=0.9036385416984558, Val_Loss=0.19564568996429443, Val_Accuracy=0.9181416034698486
2025-01-07 04:59:19,621 - INFO - Epoch 23: Loss=0.22289714217185974, Accuracy=0.9070770144462585, Val_Loss=0.1997903436422348, Val_Accuracy=0.91731196641922
2025-01-07 04:59:19,621 - INFO - Epoch 24: Loss=0.21935142576694489, Accuracy=0.9094163179397583, Val_Loss=0.19065187871456146, Val_Accuracy=0.9245021939277649
2025-01-07 04:59:19,621 - INFO - Epoch 25: Loss=0.21036580204963684, Accuracy=0.9122347235679626, Val_Loss=0.20430248975753784, Val_Accuracy=0.9167588353157043
2025-01-07 04:59:19,621 - INFO - Epoch 26: Loss=0.2045554667711258, Accuracy=0.9157577157020569, Val_Loss=0.28191938996315, Val_Accuracy=0.8813605904579163
2025-01-07 04:59:19,621 - INFO - Epoch 27: Loss=0.20322078466415405, Accuracy=0.9152222275733948, Val_Loss=0.17760586738586426, Val_Accuracy=0.9245021939277649
2025-01-07 04:59:19,621 - INFO - Epoch 28: Loss=0.19354411959648132, Accuracy=0.9202671647071838, Val_Loss=0.18793219327926636, Val_Accuracy=0.9222898483276367
2025-01-07 04:59:19,621 - INFO - Epoch 29: Loss=0.1908145695924759, Accuracy=0.9199853539466858, Val_Loss=0.18696987628936768, Val_Accuracy=0.9242256879806519
2025-01-07 04:59:19,621 - INFO - Epoch 30: Loss=0.18364694714546204, Accuracy=0.9253402948379517, Val_Loss=0.15244339406490326, Val_Accuracy=0.9410951137542725
2025-01-07 04:59:19,621 - INFO - Epoch 31: Loss=0.18006345629692078, Accuracy=0.9271723031997681, Val_Loss=0.21190401911735535, Val_Accuracy=0.9117809534072876
2025-01-07 04:59:19,621 - INFO - Epoch 32: Loss=0.17893487215042114, Accuracy=0.9259039759635925, Val_Loss=0.15391391515731812, Val_Accuracy=0.9402654767036438
2025-01-07 04:59:19,621 - INFO - Epoch 33: Loss=0.16885685920715332, Accuracy=0.9322172403335571, Val_Loss=0.14555951952934265, Val_Accuracy=0.9446902871131897
2025-01-07 04:59:19,621 - INFO - Epoch 34: Loss=0.1690237671136856, Accuracy=0.9308643937110901, Val_Loss=0.20210964977741241, Val_Accuracy=0.9167588353157043
2025-01-07 04:59:19,621 - INFO - Epoch 35: Loss=0.1622820496559143, Accuracy=0.933739185333252, Val_Loss=0.13306401669979095, Val_Accuracy=0.946349561214447
2025-01-07 04:59:19,621 - INFO - Epoch 36: Loss=0.16010072827339172, Accuracy=0.9349229335784912, Val_Loss=0.12342801690101624, Val_Accuracy=0.9557521939277649
2025-01-07 04:59:19,621 - INFO - Epoch 37: Loss=0.1517297476530075, Accuracy=0.9381641149520874, Val_Loss=0.1310756504535675, Val_Accuracy=0.9469026327133179
2025-01-07 04:59:19,621 - INFO - Epoch 38: Loss=0.14939968287944794, Accuracy=0.9392632842063904, Val_Loss=0.14414118230342865, Val_Accuracy=0.9366703629493713
2025-01-07 04:59:19,621 - INFO - Epoch 39: Loss=0.1453288197517395, Accuracy=0.9414052367210388, Val_Loss=0.1243467777967453, Val_Accuracy=0.9565818309783936
2025-01-07 04:59:19,621 - INFO - Epoch 40: Loss=0.13989093899726868, Accuracy=0.9436599612236023, Val_Loss=0.10457738488912582, Val_Accuracy=0.9618362784385681
2025-01-07 04:59:19,621 - INFO - Epoch 41: Loss=0.13650286197662354, Accuracy=0.9446746110916138, Val_Loss=0.10353831946849823, Val_Accuracy=0.9623894095420837
2025-01-07 04:59:19,621 - INFO - Epoch 42: Loss=0.13658499717712402, Accuracy=0.9454919695854187, Val_Loss=0.09994364529848099, Val_Accuracy=0.9659845232963562
2025-01-07 04:59:19,621 - INFO - Epoch 43: Loss=0.12697169184684753, Accuracy=0.948197603225708, Val_Loss=0.10091637820005417, Val_Accuracy=0.9637721180915833
2025-01-07 04:59:19,621 - INFO - Epoch 44: Loss=0.12496775388717651, Accuracy=0.9496913552284241, Val_Loss=0.10441628843545914, Val_Accuracy=0.9601770043373108
2025-01-07 04:59:19,621 - INFO - Epoch 45: Loss=0.12159692496061325, Accuracy=0.9507341980934143, Val_Loss=0.0938367173075676, Val_Accuracy=0.966537594795227
2025-01-07 04:59:19,621 - INFO - Epoch 46: Loss=0.11659722775220871, Accuracy=0.9538344740867615, Val_Loss=0.10036349296569824, Val_Accuracy=0.9612832069396973
2025-01-07 04:59:19,621 - INFO - Epoch 47: Loss=0.11242954432964325, Accuracy=0.9553000330924988, Val_Loss=0.08932769298553467, Val_Accuracy=0.9679203629493713
2025-01-07 04:59:19,621 - INFO - Epoch 48: Loss=0.11239597946405411, Accuracy=0.9554973244667053, Val_Loss=0.08975715935230255, Val_Accuracy=0.9657079577445984
2025-01-07 04:59:19,621 - INFO - Epoch 49: Loss=0.10820016264915466, Accuracy=0.9561737179756165, Val_Loss=0.07256880402565002, Val_Accuracy=0.9756637215614319
2025-01-07 04:59:19,621 - INFO - Epoch 50: Loss=0.1037495881319046, Accuracy=0.9593867063522339, Val_Loss=0.12267162650823593, Val_Accuracy=0.948838472366333
2025-01-07 04:59:19,621 - INFO - Epoch 51: Loss=0.1007503867149353, Accuracy=0.9594994783401489, Val_Loss=0.07390600442886353, Val_Accuracy=0.971238911151886
2025-01-07 04:59:19,621 - INFO - Epoch 52: Loss=0.09808745235204697, Accuracy=0.9613596200942993, Val_Loss=0.07105305790901184, Val_Accuracy=0.9764933586120605
2025-01-07 04:59:19,621 - INFO - Epoch 53: Loss=0.09590672701597214, Accuracy=0.9623460173606873, Val_Loss=0.07034526765346527, Val_Accuracy=0.9762167930603027
2025-01-07 04:59:19,622 - INFO - Epoch 54: Loss=0.09127045422792435, Accuracy=0.963445246219635, Val_Loss=0.09953449666500092, Val_Accuracy=0.9657079577445984
2025-01-07 04:59:19,622 - INFO - Epoch 55: Loss=0.08984578400850296, Accuracy=0.9656717777252197, Val_Loss=0.07178615778684616, Val_Accuracy=0.9751105904579163
2025-01-07 04:59:19,622 - INFO - Epoch 56: Loss=0.0879487544298172, Accuracy=0.964826226234436, Val_Loss=0.06313607096672058, Val_Accuracy=0.9820243120193481
2025-01-07 04:59:19,622 - INFO - Epoch 57: Loss=0.08435617387294769, Accuracy=0.9672219157218933, Val_Loss=0.06525218486785889, Val_Accuracy=0.9795354008674622
2025-01-07 04:59:19,622 - INFO - Epoch 58: Loss=0.08335445821285248, Accuracy=0.9671937227249146, Val_Loss=0.06334424763917923, Val_Accuracy=0.9784291982650757
2025-01-07 04:59:19,622 - INFO - Epoch 59: Loss=0.08060643076896667, Accuracy=0.9678983092308044, Val_Loss=0.05977634713053703, Val_Accuracy=0.9825774431228638
2025-01-07 04:59:19,622 - INFO - Epoch 60: Loss=0.07518320530653, Accuracy=0.9700966477394104, Val_Loss=0.058455485850572586, Val_Accuracy=0.9856194853782654
2025-01-07 04:59:19,622 - INFO - Epoch 61: Loss=0.07106215506792068, Accuracy=0.9714213013648987, Val_Loss=0.09610241651535034, Val_Accuracy=0.9673672318458557
2025-01-07 04:59:19,622 - INFO - Epoch 62: Loss=0.07487672567367554, Accuracy=0.9704630374908447, Val_Loss=0.06983682513237, Val_Accuracy=0.9820243120193481
2025-01-07 04:59:19,622 - INFO - Epoch 63: Loss=0.07033108919858932, Accuracy=0.9729150533676147, Val_Loss=0.05431303754448891, Val_Accuracy=0.9853429198265076
2025-01-07 04:59:19,622 - INFO - Epoch 64: Loss=0.0720508024096489, Accuracy=0.9714213013648987, Val_Loss=0.05332924798130989, Val_Accuracy=0.986449122428894
2025-01-07 04:59:19,622 - INFO - Epoch 65: Loss=0.06705129146575928, Accuracy=0.9747470617294312, Val_Loss=0.05629748851060867, Val_Accuracy=0.9836836457252502
2025-01-07 04:59:19,622 - INFO - Epoch 66: Loss=0.06419067829847336, Accuracy=0.9751416444778442, Val_Loss=0.04412781819701195, Val_Accuracy=0.98893803358078
2025-01-07 04:59:19,622 - INFO - Epoch 67: Loss=0.062422025948762894, Accuracy=0.9751416444778442, Val_Loss=0.0492238886654377, Val_Accuracy=0.9856194853782654
2025-01-07 04:59:19,622 - INFO - Epoch 68: Loss=0.06331228464841843, Accuracy=0.9746906757354736, Val_Loss=0.05160436034202576, Val_Accuracy=0.9828540086746216
2025-01-07 04:59:19,622 - INFO - Epoch 69: Loss=0.06291656941175461, Accuracy=0.9746624827384949, Val_Loss=0.045058950781822205, Val_Accuracy=0.9847898483276367
2025-01-07 04:59:19,622 - INFO - Epoch 70: Loss=0.05642763525247574, Accuracy=0.9776781797409058, Val_Loss=0.04980069026350975, Val_Accuracy=0.9861725568771362
2025-01-07 04:59:19,622 - INFO - Epoch 71: Loss=0.06082812324166298, Accuracy=0.9769735932350159, Val_Loss=0.05245637893676758, Val_Accuracy=0.9825774431228638
2025-01-07 04:59:19,622 - INFO - Epoch 72: Loss=0.05508491396903992, Accuracy=0.9786364436149597, Val_Loss=0.052327144891023636, Val_Accuracy=0.9878318309783936
2025-01-07 04:59:19,622 - INFO - Epoch 73: Loss=0.05619864538311958, Accuracy=0.9777345657348633, Val_Loss=0.04816897585988045, Val_Accuracy=0.9881083965301514
2025-01-07 04:59:19,622 - INFO - Epoch 74: Loss=0.05448136106133461, Accuracy=0.9796510934829712, Val_Loss=0.038951072841882706, Val_Accuracy=0.9897676706314087
2025-01-07 04:59:19,622 - INFO - Epoch 75: Loss=0.05589021369814873, Accuracy=0.9787773489952087, Val_Loss=0.05157315731048584, Val_Accuracy=0.986449122428894
2025-01-07 04:59:19,622 - INFO - Epoch 76: Loss=0.048726845532655716, Accuracy=0.9815394282341003, Val_Loss=0.04223671555519104, Val_Accuracy=0.9883849620819092
2025-01-07 04:59:19,622 - INFO - Epoch 77: Loss=0.04680933058261871, Accuracy=0.9828640818595886, Val_Loss=0.0429546944797039, Val_Accuracy=0.988661527633667
2025-01-07 04:59:19,622 - INFO - Epoch 78: Loss=0.05201012268662453, Accuracy=0.9808911681175232, Val_Loss=0.06629519909620285, Val_Accuracy=0.9825774431228638
2025-01-07 04:59:19,622 - INFO - Epoch 79: Loss=0.04780762642621994, Accuracy=0.9821031093597412, Val_Loss=0.054049838334321976, Val_Accuracy=0.982300877571106
2025-01-07 04:59:19,622 - INFO - Epoch 80: Loss=0.04744837433099747, Accuracy=0.9815676212310791, Val_Loss=0.05413008853793144, Val_Accuracy=0.9856194853782654
2025-01-07 04:59:19,622 - INFO - Epoch 81: Loss=0.04474146291613579, Accuracy=0.9828640818595886, Val_Loss=0.03733062371611595, Val_Accuracy=0.9928097128868103
2025-01-07 04:59:19,622 - INFO - Epoch 82: Loss=0.044267863035202026, Accuracy=0.9833149909973145, Val_Loss=0.05278296023607254, Val_Accuracy=0.9881083965301514
2025-01-07 04:59:19,622 - INFO - Epoch 83: Loss=0.04403325170278549, Accuracy=0.9830049872398376, Val_Loss=0.07303468883037567, Val_Accuracy=0.9811946749687195
2025-01-07 04:59:19,622 - INFO - Epoch 84: Loss=0.041589219123125076, Accuracy=0.9839350581169128, Val_Loss=0.039175741374492645, Val_Accuracy=0.9881083965301514
2025-01-07 04:59:19,622 - INFO - Epoch 85: Loss=0.042096056044101715, Accuracy=0.983625054359436, Val_Loss=0.0537719801068306, Val_Accuracy=0.9875553250312805
2025-01-07 04:59:19,622 - INFO - Epoch 86: Loss=0.039317112416028976, Accuracy=0.9847806096076965, Val_Loss=0.04550696536898613, Val_Accuracy=0.9892145991325378
2025-01-07 04:59:19,622 - INFO - Epoch 87: Loss=0.04211455211043358, Accuracy=0.983625054359436, Val_Loss=0.04186125472187996, Val_Accuracy=0.9900442361831665
2025-01-07 04:59:19,622 - INFO - Epoch 88: Loss=0.038411177694797516, Accuracy=0.9853724241256714, Val_Loss=0.08402682840824127, Val_Accuracy=0.9792588353157043
2025-01-07 04:59:19,622 - INFO - Epoch 89: Loss=0.039265215396881104, Accuracy=0.9854006171226501, Val_Loss=0.04046716168522835, Val_Accuracy=0.9881083965301514
2025-01-07 04:59:19,622 - INFO - Epoch 90: Loss=0.04068831354379654, Accuracy=0.9843578338623047, Val_Loss=0.04699547588825226, Val_Accuracy=0.98893803358078
2025-01-07 04:59:19,622 - INFO - Epoch 91: Loss=0.037890318781137466, Accuracy=0.9862743616104126, Val_Loss=0.04445218667387962, Val_Accuracy=0.9894911646842957
2025-01-07 04:59:19,622 - INFO - Epoch 92: Loss=0.037461455911397934, Accuracy=0.985682487487793, Val_Loss=0.051863983273506165, Val_Accuracy=0.98893803358078
2025-01-07 04:59:19,622 - INFO - Epoch 93: Loss=0.035312529653310776, Accuracy=0.9866689443588257, Val_Loss=0.03425997495651245, Val_Accuracy=0.9905973672866821
2025-01-07 04:59:19,622 - INFO - Epoch 94: Loss=0.03738098964095116, Accuracy=0.9858515858650208, Val_Loss=0.06950786709785461, Val_Accuracy=0.9820243120193481
2025-01-07 04:59:19,622 - INFO - Epoch 95: Loss=0.034424733370542526, Accuracy=0.9871198534965515, Val_Loss=0.03611753135919571, Val_Accuracy=0.991150438785553
2025-01-07 04:59:19,622 - INFO - Epoch 96: Loss=0.03588162362575531, Accuracy=0.9868943691253662, Val_Loss=0.056580550968647, Val_Accuracy=0.9856194853782654
2025-01-07 04:59:19,622 - INFO - Epoch 97: Loss=0.03321760892868042, Accuracy=0.9874299168586731, Val_Loss=0.04841591790318489, Val_Accuracy=0.9903208017349243
2025-01-07 04:59:19,622 - INFO - Epoch 98: Loss=0.03350035846233368, Accuracy=0.9875144362449646, Val_Loss=0.051170822232961655, Val_Accuracy=0.988661527633667
2025-01-07 04:59:19,622 - INFO - Epoch 99: Loss=0.03494285047054291, Accuracy=0.986781656742096, Val_Loss=0.035785868763923645, Val_Accuracy=0.9917035102844238
2025-01-07 04:59:19,622 - INFO - Epoch 100: Loss=0.03377002105116844, Accuracy=0.987176239490509, Val_Loss=0.03515654057264328, Val_Accuracy=0.9922566413879395
2025-01-07 04:59:19,622 - INFO - Evaluating model on test set...
2025-01-07 04:59:25,676 - INFO - Test accuracy: 0.9922566413879395
2025-01-07 04:59:25,706 - INFO - Final model saved to C:/Users/avira/PycharmProjects/myFirstCNN/the one x\99 percent baby dogVSother.h5
